# JRE version: OpenJDK Runtime Environment Corretto-17.0.9.8.1 (17.0.9+8) (build 17.0.9+8-LTS)
# Java VM: OpenJDK 64-Bit Server VM Corretto-17.0.9.8.1 (17.0.9+8-LTS, mixed mode, sharing, tiered, compressed oops, compressed class ptrs, g1 gc, windows-amd64)
GC Precious Log:
 CPUs: 12 total, 12 available
 Memory: 16243M
 Large Page Support: Disabled
 NUMA Support: Disabled
 Compressed Oops: Enabled (32-bit)
 Heap Region Size: 1M
 Heap Min Capacity: 256M
 Heap Initial Capacity: 256M
 Heap Max Capacity: 512M
 Pre-touch: Disabled
 Parallel Workers: 10
 Concurrent Workers: 3
 Concurrent Refinement Workers: 10
 Periodic GC: Disabled
Heap:
 garbage-first heap   total 262144K, used 144786K [0x00000000e0000000, 0x0000000100000000)
  region size 1024K, 30 young (30720K), 6 survivors (6144K)
 Metaspace       used 70713K, committed 71552K, reserved 393216K
  class space    used 9490K, committed 9920K, reserved 327680K
GC Heap History (20 events):
Event: 0.459 GC heap before
{Heap before GC invocations=1 (full 0):
 garbage-first heap   total 262144K, used 39414K [0x00000000e0000000, 0x0000000100000000)
  region size 1024K, 30 young (30720K), 3 survivors (3072K)
 Metaspace       used 4018K, committed 4160K, reserved 393216K
  class space    used 492K, committed 576K, reserved 327680K
}
Event: 0.461 GC heap after
{Heap after GC invocations=2 (full 0):
 garbage-first heap   total 262144K, used 12744K [0x00000000e0000000, 0x0000000100000000)
  region size 1024K, 3 young (3072K), 3 survivors (3072K)
 Metaspace       used 4018K, committed 4160K, reserved 393216K
  class space    used 492K, committed 576K, reserved 327680K
}
Event: 1.709 GC heap before
{Heap before GC invocations=2 (full 0):
 garbage-first heap   total 262144K, used 142792K [0x00000000e0000000, 0x0000000100000000)
  region size 1024K, 120 young (122880K), 3 survivors (3072K)
 Metaspace       used 21128K, committed 21504K, reserved 393216K
  class space    used 3165K, committed 3392K, reserved 327680K
}
Event: 1.715 GC heap after
{Heap after GC invocations=3 (full 0):
 garbage-first heap   total 262144K, used 36948K [0x00000000e0000000, 0x0000000100000000)
  region size 1024K, 15 young (15360K), 15 survivors (15360K)
 Metaspace       used 21128K, committed 21504K, reserved 393216K
  class space    used 3165K, committed 3392K, reserved 327680K
}
Event: 2.541 GC heap before
{Heap before GC invocations=4 (full 0):
 garbage-first heap   total 262144K, used 152660K [0x00000000e0000000, 0x0000000100000000)
  region size 1024K, 125 young (128000K), 15 survivors (15360K)
 Metaspace       used 35542K, committed 35968K, reserved 393216K
  class space    used 4968K, committed 5184K, reserved 327680K
}
Event: 2.546 GC heap after
{Heap after GC invocations=5 (full 0):
 garbage-first heap   total 262144K, used 45481K [0x00000000e0000000, 0x0000000100000000)
  region size 1024K, 9 young (9216K), 9 survivors (9216K)
 Metaspace       used 35542K, committed 35968K, reserved 393216K
  class space    used 4968K, committed 5184K, reserved 327680K
}
Event: 2.568 GC heap before
{Heap before GC invocations=5 (full 0):
 garbage-first heap   total 262144K, used 46505K [0x00000000e0000000, 0x0000000100000000)
  region size 1024K, 12 young (12288K), 9 survivors (9216K)
 Metaspace       used 35850K, committed 36288K, reserved 393216K
  class space    used 5010K, committed 5248K, reserved 327680K
}
Event: 2.570 GC heap after
{Heap after GC invocations=6 (full 0):
 garbage-first heap   total 262144K, used 45822K [0x00000000e0000000, 0x0000000100000000)
  region size 1024K, 2 young (2048K), 2 survivors (2048K)
 Metaspace       used 35850K, committed 36288K, reserved 393216K
  class space    used 5010K, committed 5248K, reserved 327680K
}
Event: 2.591 GC heap before
{Heap before GC invocations=6 (full 0):
 garbage-first heap   total 262144K, used 47870K [0x00000000e0000000, 0x0000000100000000)
  region size 1024K, 5 young (5120K), 2 survivors (2048K)
 Metaspace       used 36223K, committed 36608K, reserved 393216K
  class space    used 5058K, committed 5248K, reserved 327680K
}
Event: 2.592 GC heap after
{Heap after GC invocations=7 (full 0):
 garbage-first heap   total 262144K, used 45069K [0x00000000e0000000, 0x0000000100000000)
  region size 1024K, 1 young (1024K), 1 survivors (1024K)
 Metaspace       used 36223K, committed 36608K, reserved 393216K
  class space    used 5058K, committed 5248K, reserved 327680K
}
Event: 4.234 GC heap before
{Heap before GC invocations=8 (full 0):
 garbage-first heap   total 262144K, used 193549K [0x00000000e0000000, 0x0000000100000000)
  region size 1024K, 142 young (145408K), 1 survivors (1024K)
 Metaspace       used 52952K, committed 53568K, reserved 393216K
  class space    used 7316K, committed 7616K, reserved 327680K
}
Event: 4.239 GC heap after
{Heap after GC invocations=9 (full 0):
 garbage-first heap   total 262144K, used 59661K [0x00000000e0000000, 0x0000000100000000)
  region size 1024K, 12 young (12288K), 12 survivors (12288K)
 Metaspace       used 52952K, committed 53568K, reserved 393216K
  class space    used 7316K, committed 7616K, reserved 327680K
}
Event: 5.051 GC heap before
{Heap before GC invocations=9 (full 0):
 garbage-first heap   total 262144K, used 201997K [0x00000000e0000000, 0x0000000100000000)
  region size 1024K, 124 young (126976K), 12 survivors (12288K)
 Metaspace       used 60713K, committed 61376K, reserved 393216K
  class space    used 8410K, committed 8704K, reserved 327680K
}
Event: 5.059 GC heap after
{Heap after GC invocations=10 (full 0):
 garbage-first heap   total 262144K, used 103922K [0x00000000e0000000, 0x0000000100000000)
  region size 1024K, 15 young (15360K), 15 survivors (15360K)
 Metaspace       used 60713K, committed 61376K, reserved 393216K
  class space    used 8410K, committed 8704K, reserved 327680K
}
Event: 5.798 GC heap before
{Heap before GC invocations=11 (full 0):
 garbage-first heap   total 262144K, used 208370K [0x00000000e0000000, 0x0000000100000000)
  region size 1024K, 115 young (117760K), 15 survivors (15360K)
 Metaspace       used 68169K, committed 68928K, reserved 393216K
  class space    used 9294K, committed 9600K, reserved 327680K
}
Event: 5.804 GC heap after
{Heap after GC invocations=12 (full 0):
 garbage-first heap   total 262144K, used 109799K [0x00000000e0000000, 0x0000000100000000)
  region size 1024K, 7 young (7168K), 7 survivors (7168K)
 Metaspace       used 68169K, committed 68928K, reserved 393216K
  class space    used 9294K, committed 9600K, reserved 327680K
}
Event: 6.437 GC heap before
{Heap before GC invocations=13 (full 0):
 garbage-first heap   total 262144K, used 208103K [0x00000000e0000000, 0x0000000100000000)
  region size 1024K, 104 young (106496K), 7 survivors (7168K)
 Metaspace       used 69324K, committed 70144K, reserved 393216K
  class space    used 9351K, committed 9728K, reserved 327680K
}
Event: 6.443 GC heap after
{Heap after GC invocations=14 (full 0):
 garbage-first heap   total 262144K, used 120119K [0x00000000e0000000, 0x0000000100000000)
  region size 1024K, 13 young (13312K), 13 survivors (13312K)
 Metaspace       used 69324K, committed 70144K, reserved 393216K
  class space    used 9351K, committed 9728K, reserved 327680K
}
Event: 6.834 GC heap before
{Heap before GC invocations=14 (full 0):
 garbage-first heap   total 262144K, used 209207K [0x00000000e0000000, 0x0000000100000000)
  region size 1024K, 100 young (102400K), 13 survivors (13312K)
 Metaspace       used 69899K, committed 70656K, reserved 393216K
  class space    used 9372K, committed 9728K, reserved 327680K
}
Event: 6.838 GC heap after
{Heap after GC invocations=15 (full 0):
 garbage-first heap   total 262144K, used 122258K [0x00000000e0000000, 0x0000000100000000)
  region size 1024K, 6 young (6144K), 6 survivors (6144K)
 Metaspace       used 69899K, committed 70656K, reserved 393216K
  class space    used 9372K, committed 9728K, reserved 327680K
}

