# JRE version: OpenJDK Runtime Environment Corretto-17.0.9.8.1 (17.0.9+8) (build 17.0.9+8-LTS)
# Java VM: OpenJDK 64-Bit Server VM Corretto-17.0.9.8.1 (17.0.9+8-LTS, mixed mode, sharing, tiered, compressed oops, compressed class ptrs, g1 gc, windows-amd64)
GC Precious Log:
 CPUs: 12 total, 12 available
 Memory: 16243M
 Large Page Support: Disabled
 NUMA Support: Disabled
 Compressed Oops: Enabled (32-bit)
 Heap Region Size: 1M
 Heap Min Capacity: 256M
 Heap Initial Capacity: 256M
 Heap Max Capacity: 512M
 Pre-touch: Disabled
 Parallel Workers: 10
 Concurrent Workers: 3
 Concurrent Refinement Workers: 10
 Periodic GC: Disabled
Heap:
 garbage-first heap   total 262144K, used 208896K [0x00000000e0000000, 0x0000000100000000)
  region size 1024K, 104 young (106496K), 2 survivors (2048K)
 Metaspace       used 66811K, committed 67648K, reserved 393216K
  class space    used 9228K, committed 9600K, reserved 327680K
GC Heap History (14 events):
Event: 0.261 GC heap before
{Heap before GC invocations=0 (full 0):
 garbage-first heap   total 262144K, used 26624K [0x00000000e0000000, 0x0000000100000000)
  region size 1024K, 23 young (23552K), 0 survivors (0K)
 Metaspace       used 3050K, committed 3200K, reserved 393216K
  class space    used 392K, committed 448K, reserved 327680K
}
Event: 0.263 GC heap after
{Heap after GC invocations=1 (full 0):
 garbage-first heap   total 262144K, used 10542K [0x00000000e0000000, 0x0000000100000000)
  region size 1024K, 3 young (3072K), 3 survivors (3072K)
 Metaspace       used 3050K, committed 3200K, reserved 393216K
  class space    used 392K, committed 448K, reserved 327680K
}
Event: 0.421 GC heap before
{Heap before GC invocations=1 (full 0):
 garbage-first heap   total 262144K, used 39214K [0x00000000e0000000, 0x0000000100000000)
  region size 1024K, 30 young (30720K), 3 survivors (3072K)
 Metaspace       used 4017K, committed 4160K, reserved 393216K
  class space    used 492K, committed 576K, reserved 327680K
}
Event: 0.423 GC heap after
{Heap after GC invocations=2 (full 0):
 garbage-first heap   total 262144K, used 12032K [0x00000000e0000000, 0x0000000100000000)
  region size 1024K, 2 young (2048K), 2 survivors (2048K)
 Metaspace       used 4017K, committed 4160K, reserved 393216K
  class space    used 492K, committed 576K, reserved 327680K
}
Event: 1.424 GC heap before
{Heap before GC invocations=2 (full 0):
 garbage-first heap   total 262144K, used 141056K [0x00000000e0000000, 0x0000000100000000)
  region size 1024K, 119 young (121856K), 2 survivors (2048K)
 Metaspace       used 21182K, committed 21504K, reserved 393216K
  class space    used 3178K, committed 3328K, reserved 327680K
}
Event: 1.428 GC heap after
{Heap after GC invocations=3 (full 0):
 garbage-first heap   total 262144K, used 36201K [0x00000000e0000000, 0x0000000100000000)
  region size 1024K, 15 young (15360K), 15 survivors (15360K)
 Metaspace       used 21182K, committed 21504K, reserved 393216K
  class space    used 3178K, committed 3328K, reserved 327680K
}
Event: 2.147 GC heap before
{Heap before GC invocations=4 (full 0):
 garbage-first heap   total 262144K, used 151913K [0x00000000e0000000, 0x0000000100000000)
  region size 1024K, 124 young (126976K), 15 survivors (15360K)
 Metaspace       used 35583K, committed 35968K, reserved 393216K
  class space    used 4971K, committed 5184K, reserved 327680K
}
Event: 2.154 GC heap after
{Heap after GC invocations=5 (full 0):
 garbage-first heap   total 262144K, used 44703K [0x00000000e0000000, 0x0000000100000000)
  region size 1024K, 9 young (9216K), 9 survivors (9216K)
 Metaspace       used 35583K, committed 35968K, reserved 393216K
  class space    used 4971K, committed 5184K, reserved 327680K
}
Event: 3.196 GC heap before
{Heap before GC invocations=6 (full 0):
 garbage-first heap   total 262144K, used 176799K [0x00000000e0000000, 0x0000000100000000)
  region size 1024K, 134 young (137216K), 9 survivors (9216K)
 Metaspace       used 48519K, committed 49152K, reserved 393216K
  class space    used 6797K, committed 7104K, reserved 327680K
}
Event: 3.202 GC heap after
{Heap after GC invocations=7 (full 0):
 garbage-first heap   total 262144K, used 56868K [0x00000000e0000000, 0x0000000100000000)
  region size 1024K, 17 young (17408K), 17 survivors (17408K)
 Metaspace       used 48519K, committed 49152K, reserved 393216K
  class space    used 6797K, committed 7104K, reserved 327680K
}
Event: 4.068 GC heap before
{Heap before GC invocations=7 (full 0):
 garbage-first heap   total 262144K, used 220708K [0x00000000e0000000, 0x0000000100000000)
  region size 1024K, 149 young (152576K), 17 survivors (17408K)
 Metaspace       used 57359K, committed 58048K, reserved 393216K
  class space    used 8052K, committed 8384K, reserved 327680K
}
Event: 4.075 GC heap after
{Heap after GC invocations=8 (full 0):
 garbage-first heap   total 262144K, used 101030K [0x00000000e0000000, 0x0000000100000000)
  region size 1024K, 15 young (15360K), 15 survivors (15360K)
 Metaspace       used 57359K, committed 58048K, reserved 393216K
  class space    used 8052K, committed 8384K, reserved 327680K
}
Event: 4.195 GC heap before
{Heap before GC invocations=8 (full 0):
 garbage-first heap   total 262144K, used 119462K [0x00000000e0000000, 0x0000000100000000)
  region size 1024K, 34 young (34816K), 15 survivors (15360K)
 Metaspace       used 59390K, committed 60096K, reserved 393216K
  class space    used 8342K, committed 8704K, reserved 327680K
}
Event: 4.199 GC heap after
{Heap after GC invocations=9 (full 0):
 garbage-first heap   total 262144K, used 103424K [0x00000000e0000000, 0x0000000100000000)
  region size 1024K, 2 young (2048K), 2 survivors (2048K)
 Metaspace       used 59390K, committed 60096K, reserved 393216K
  class space    used 8342K, committed 8704K, reserved 327680K
}

